Event[0]:
  Log Name: System
  Source: Microsoft-Windows-Winlogon
  Date: 2019-05-21T10:14:20.499
  Event ID: 7001
  Task: N/A
  Level: 情報
  Opcode: 情報
  Keyword: N/A
  User: S-1-5-18
  User Name: NT AUTHORITY\SYSTEM
  Computer: DESKTOP-4B5GFD6.sizebook.local
  Description: 
カスタマー エクスペリエンス向上プログラムのユーザー ログオン通知

Event[1]:
  Log Name: System
  Source: Microsoft-Windows-Winlogon
  Date: 2019-06-12T20:27:10.587
  Event ID: 7001
  Task: N/A
  Level: 情報
  Opcode: 情報
  Keyword: N/A
  User: S-1-5-18
  User Name: NT AUTHORITY\SYSTEM
  Computer: DESKTOP-4B5GFD6.sizebook.local
  Description: 
カスタマー エクスペリエンス向上プログラムのユーザー ログオン通知

Event[2]:
  Log Name: System
  Source: Microsoft-Windows-Winlogon
  Date: 2019-06-24T19:23:20.524
  Event ID: 7001
  Task: N/A
  Level: 情報
  Opcode: 情報
  Keyword: N/A
  User: S-1-5-18
  User Name: NT AUTHORITY\SYSTEM
  Computer: DESKTOP-4B5GFD6.sizebook.local
  Description: 
カスタマー エクスペリエンス向上プログラムのユーザー ログオン通知

Event[3]:
  Log Name: System
  Source: Microsoft-Windows-Winlogon
  Date: 2019-07-01T13:46:55.314
  Event ID: 7001
  Task: N/A
  Level: 情報
  Opcode: 情報
  Keyword: N/A
  User: S-1-5-18
  User Name: NT AUTHORITY\SYSTEM
  Computer: DESKTOP-4B5GFD6.sizebook.local
  Description: 
カスタマー エクスペリエンス向上プログラムのユーザー ログオン通知

Event[4]:
  Log Name: System
  Source: Microsoft-Windows-Winlogon
  Date: 2019-07-05T10:30:34.413
  Event ID: 7001
  Task: N/A
  Level: 情報
  Opcode: 情報
  Keyword: N/A
  User: S-1-5-18
  User Name: NT AUTHORITY\SYSTEM
  Computer: DESKTOP-4B5GFD6.sizebook.local
  Description: 
カスタマー エクスペリエンス向上プログラムのユーザー ログオン通知

Event[5]:
  Log Name: System
  Source: Microsoft-Windows-Winlogon
  Date: 2019-07-09T17:26:56.634
  Event ID: 7001
  Task: N/A
  Level: 情報
  Opcode: 情報
  Keyword: N/A
  User: S-1-5-18
  User Name: NT AUTHORITY\SYSTEM
  Computer: DESKTOP-4B5GFD6.sizebook.local
  Description: 
カスタマー エクスペリエンス向上プログラムのユーザー ログオン通知

Event[6]:
  Log Name: System
  Source: Microsoft-Windows-Winlogon
  Date: 2019-07-18T10:00:23.106
  Event ID: 7001
  Task: N/A
  Level: 情報
  Opcode: 情報
  Keyword: N/A
  User: S-1-5-18
  User Name: NT AUTHORITY\SYSTEM
  Computer: DESKTOP-4B5GFD6.sizebook.local
  Description: 
カスタマー エクスペリエンス向上プログラムのユーザー ログオン通知

Event[7]:
  Log Name: System
  Source: Microsoft-Windows-Winlogon
  Date: 2019-07-29T17:36:21.124
  Event ID: 7001
  Task: N/A
  Level: 情報
  Opcode: 情報
  Keyword: N/A
  User: S-1-5-18
  User Name: NT AUTHORITY\SYSTEM
  Computer: DESKTOP-4B5GFD6.sizebook.local
  Description: 
カスタマー エクスペリエンス向上プログラムのユーザー ログオン通知

Event[8]:
  Log Name: System
  Source: Microsoft-Windows-Winlogon
  Date: 2019-08-14T10:11:58.603
  Event ID: 7001
  Task: N/A
  Level: 情報
  Opcode: 情報
  Keyword: N/A
  User: S-1-5-18
  User Name: NT AUTHORITY\SYSTEM
  Computer: DESKTOP-4B5GFD6.sizebook.local
  Description: 
カスタマー エクスペリエンス向上プログラムのユーザー ログオン通知

Event[9]:
  Log Name: System
  Source: Microsoft-Windows-Winlogon
  Date: 2019-08-27T17:40:18.105
  Event ID: 7001
  Task: N/A
  Level: 情報
  Opcode: 情報
  Keyword: N/A
  User: S-1-5-18
  User Name: NT AUTHORITY\SYSTEM
  Computer: DESKTOP-4B5GFD6.sizebook.local
  Description: 
カスタマー エクスペリエンス向上プログラムのユーザー ログオン通知

Event[10]:
  Log Name: System
  Source: Microsoft-Windows-Winlogon
  Date: 2019-08-28T11:42:13.801
  Event ID: 7001
  Task: N/A
  Level: 情報
  Opcode: 情報
  Keyword: N/A
  User: S-1-5-18
  User Name: NT AUTHORITY\SYSTEM
  Computer: DESKTOP-4B5GFD6.sizebook.local
  Description: 
カスタマー エクスペリエンス向上プログラムのユーザー ログオン通知

Event[11]:
  Log Name: System
  Source: Microsoft-Windows-Winlogon
  Date: 2019-09-06T12:58:48.250
  Event ID: 7001
  Task: N/A
  Level: 情報
  Opcode: 情報
  Keyword: N/A
  User: S-1-5-18
  User Name: NT AUTHORITY\SYSTEM
  Computer: DESKTOP-4B5GFD6.sizebook.local
  Description: 
カスタマー エクスペリエンス向上プログラムのユーザー ログオン通知

Event[12]:
  Log Name: System
  Source: Microsoft-Windows-Winlogon
  Date: 2019-09-06T13:00:31.396
  Event ID: 7001
  Task: N/A
  Level: 情報
  Opcode: 情報
  Keyword: N/A
  User: S-1-5-18
  User Name: NT AUTHORITY\SYSTEM
  Computer: DESKTOP-4B5GFD6.sizebook.local
  Description: 
カスタマー エクスペリエンス向上プログラムのユーザー ログオン通知

Event[13]:
  Log Name: System
  Source: Microsoft-Windows-Winlogon
  Date: 2019-09-10T19:04:40.850
  Event ID: 7001
  Task: N/A
  Level: 情報
  Opcode: 情報
  Keyword: N/A
  User: S-1-5-18
  User Name: NT AUTHORITY\SYSTEM
  Computer: DESKTOP-4B5GFD6.sizebook.local
  Description: 
カスタマー エクスペリエンス向上プログラムのユーザー ログオン通知

Event[14]:
  Log Name: System
  Source: Microsoft-Windows-Winlogon
  Date: 2019-09-17T17:34:54.055
  Event ID: 7001
  Task: N/A
  Level: 情報
  Opcode: 情報
  Keyword: N/A
  User: S-1-5-18
  User Name: NT AUTHORITY\SYSTEM
  Computer: DESKTOP-4B5GFD6.sizebook.local
  Description: 
カスタマー エクスペリエンス向上プログラムのユーザー ログオン通知

Event[15]:
  Log Name: System
  Source: Microsoft-Windows-Winlogon
  Date: 2019-10-01T10:20:26.602
  Event ID: 7001
  Task: N/A
  Level: 情報
  Opcode: 情報
  Keyword: N/A
  User: S-1-5-18
  User Name: NT AUTHORITY\SYSTEM
  Computer: DESKTOP-4B5GFD6.sizebook.local
  Description: 
カスタマー エクスペリエンス向上プログラムのユーザー ログオン通知

Event[16]:
  Log Name: System
  Source: Microsoft-Windows-Winlogon
  Date: 2019-11-11T09:59:51.211
  Event ID: 7001
  Task: N/A
  Level: 情報
  Opcode: 情報
  Keyword: N/A
  User: S-1-5-18
  User Name: NT AUTHORITY\SYSTEM
  Computer: DESKTOP-4B5GFD6.sizebook.local
  Description: 
カスタマー エクスペリエンス向上プログラムのユーザー ログオン通知

Event[17]:
  Log Name: System
  Source: Microsoft-Windows-Winlogon
  Date: 2019-11-25T10:10:38.443
  Event ID: 7001
  Task: N/A
  Level: 情報
  Opcode: 情報
  Keyword: N/A
  User: S-1-5-18
  User Name: NT AUTHORITY\SYSTEM
  Computer: DESKTOP-4B5GFD6.sizebook.local
  Description: 
カスタマー エクスペリエンス向上プログラムのユーザー ログオン通知

Event[18]:
  Log Name: System
  Source: Microsoft-Windows-Winlogon
  Date: 2019-12-03T16:02:08.372
  Event ID: 7001
  Task: N/A
  Level: 情報
  Opcode: 情報
  Keyword: N/A
  User: S-1-5-18
  User Name: NT AUTHORITY\SYSTEM
  Computer: DESKTOP-4B5GFD6.sizebook.local
  Description: 
カスタマー エクスペリエンス向上プログラムのユーザー ログオン通知

Event[19]:
  Log Name: System
  Source: Microsoft-Windows-Winlogon
  Date: 2019-12-03T16:06:54.260
  Event ID: 7001
  Task: N/A
  Level: 情報
  Opcode: 情報
  Keyword: N/A
  User: S-1-5-18
  User Name: NT AUTHORITY\SYSTEM
  Computer: DESKTOP-4B5GFD6.sizebook.local
  Description: 
カスタマー エクスペリエンス向上プログラムのユーザー ログオン通知

Event[20]:
  Log Name: System
  Source: Microsoft-Windows-Winlogon
  Date: 2019-12-06T10:05:49.906
  Event ID: 7001
  Task: N/A
  Level: 情報
  Opcode: 情報
  Keyword: N/A
  User: S-1-5-18
  User Name: NT AUTHORITY\SYSTEM
  Computer: DESKTOP-4B5GFD6.sizebook.local
  Description: 
カスタマー エクスペリエンス向上プログラムのユーザー ログオン通知

Event[21]:
  Log Name: System
  Source: Microsoft-Windows-Winlogon
  Date: 2019-12-20T10:02:21.505
  Event ID: 7001
  Task: N/A
  Level: 情報
  Opcode: 情報
  Keyword: N/A
  User: S-1-5-18
  User Name: NT AUTHORITY\SYSTEM
  Computer: DESKTOP-4B5GFD6.sizebook.local
  Description: 
カスタマー エクスペリエンス向上プログラムのユーザー ログオン通知

Event[22]:
  Log Name: System
  Source: Microsoft-Windows-Winlogon
  Date: 2020-01-06T10:03:33.065
  Event ID: 7001
  Task: N/A
  Level: 情報
  Opcode: 情報
  Keyword: N/A
  User: S-1-5-18
  User Name: NT AUTHORITY\SYSTEM
  Computer: DESKTOP-4B5GFD6.sizebook.local
  Description: 
カスタマー エクスペリエンス向上プログラムのユーザー ログオン通知

Event[23]:
  Log Name: System
  Source: Microsoft-Windows-Winlogon
  Date: 2020-01-07T19:30:12.841
  Event ID: 7001
  Task: N/A
  Level: 情報
  Opcode: 情報
  Keyword: N/A
  User: S-1-5-18
  User Name: NT AUTHORITY\SYSTEM
  Computer: DESKTOP-4B5GFD6.sizebook.local
  Description: 
カスタマー エクスペリエンス向上プログラムのユーザー ログオン通知

Event[24]:
  Log Name: System
  Source: Microsoft-Windows-Winlogon
  Date: 2020-01-15T16:11:42.103
  Event ID: 7001
  Task: N/A
  Level: 情報
  Opcode: 情報
  Keyword: N/A
  User: S-1-5-18
  User Name: NT AUTHORITY\SYSTEM
  Computer: DESKTOP-4B5GFD6.sizebook.local
  Description: 
カスタマー エクスペリエンス向上プログラムのユーザー ログオン通知

Event[25]:
  Log Name: System
  Source: Microsoft-Windows-Winlogon
  Date: 2020-01-16T18:19:08.510
  Event ID: 7001
  Task: N/A
  Level: 情報
  Opcode: 情報
  Keyword: N/A
  User: S-1-5-18
  User Name: NT AUTHORITY\SYSTEM
  Computer: DESKTOP-4B5GFD6.sizebook.local
  Description: 
カスタマー エクスペリエンス向上プログラムのユーザー ログオン通知

Event[26]:
  Log Name: System
  Source: Microsoft-Windows-Winlogon
  Date: 2020-01-17T10:24:24.521
  Event ID: 7001
  Task: N/A
  Level: 情報
  Opcode: 情報
  Keyword: N/A
  User: S-1-5-18
  User Name: NT AUTHORITY\SYSTEM
  Computer: DESKTOP-4B5GFD6.sizebook.local
  Description: 
カスタマー エクスペリエンス向上プログラムのユーザー ログオン通知

Event[27]:
  Log Name: System
  Source: Microsoft-Windows-Winlogon
  Date: 2020-01-23T14:31:43.761
  Event ID: 7001
  Task: N/A
  Level: 情報
  Opcode: 情報
  Keyword: N/A
  User: S-1-5-18
  User Name: NT AUTHORITY\SYSTEM
  Computer: DESKTOP-4B5GFD6.sizebook.local
  Description: 
カスタマー エクスペリエンス向上プログラムのユーザー ログオン通知

Event[28]:
  Log Name: System
  Source: Microsoft-Windows-Winlogon
  Date: 2020-01-29T11:28:03.774
  Event ID: 7001
  Task: N/A
  Level: 情報
  Opcode: 情報
  Keyword: N/A
  User: S-1-5-18
  User Name: NT AUTHORITY\SYSTEM
  Computer: DESKTOP-4B5GFD6.sizebook.local
  Description: 
カスタマー エクスペリエンス向上プログラムのユーザー ログオン通知

Event[29]:
  Log Name: System
  Source: Microsoft-Windows-Winlogon
  Date: 2020-02-10T14:23:43.729
  Event ID: 7001
  Task: N/A
  Level: 情報
  Opcode: 情報
  Keyword: N/A
  User: S-1-5-18
  User Name: NT AUTHORITY\SYSTEM
  Computer: DESKTOP-4B5GFD6.sizebook.local
  Description: 
カスタマー エクスペリエンス向上プログラムのユーザー ログオン通知

Event[30]:
  Log Name: System
  Source: Microsoft-Windows-Winlogon
  Date: 2020-02-13T10:10:45.758
  Event ID: 7001
  Task: N/A
  Level: 情報
  Opcode: 情報
  Keyword: N/A
  User: S-1-5-18
  User Name: NT AUTHORITY\SYSTEM
  Computer: DESKTOP-4B5GFD6.sizebook.local
  Description: 
カスタマー エクスペリエンス向上プログラムのユーザー ログオン通知

Event[31]:
  Log Name: System
  Source: Microsoft-Windows-Winlogon
  Date: 2020-03-02T16:07:44.198
  Event ID: 7001
  Task: N/A
  Level: 情報
  Opcode: 情報
  Keyword: N/A
  User: S-1-5-18
  User Name: NT AUTHORITY\SYSTEM
  Computer: DESKTOP-4B5GFD6.sizebook.local
  Description: 
カスタマー エクスペリエンス向上プログラムのユーザー ログオン通知

Event[32]:
  Log Name: System
  Source: Microsoft-Windows-Winlogon
  Date: 2020-03-04T12:10:29.268
  Event ID: 7001
  Task: N/A
  Level: 情報
  Opcode: 情報
  Keyword: N/A
  User: S-1-5-18
  User Name: NT AUTHORITY\SYSTEM
  Computer: DESKTOP-4B5GFD6.sizebook.local
  Description: 
カスタマー エクスペリエンス向上プログラムのユーザー ログオン通知

Event[33]:
  Log Name: System
  Source: Microsoft-Windows-Winlogon
  Date: 2020-03-04T12:24:22.940
  Event ID: 7001
  Task: N/A
  Level: 情報
  Opcode: 情報
  Keyword: N/A
  User: S-1-5-18
  User Name: NT AUTHORITY\SYSTEM
  Computer: DESKTOP-4B5GFD6.sizebook.local
  Description: 
カスタマー エクスペリエンス向上プログラムのユーザー ログオン通知

Event[34]:
  Log Name: System
  Source: Microsoft-Windows-Winlogon
  Date: 2020-03-16T09:59:48.802
  Event ID: 7001
  Task: N/A
  Level: 情報
  Opcode: 情報
  Keyword: N/A
  User: S-1-5-18
  User Name: NT AUTHORITY\SYSTEM
  Computer: DESKTOP-4B5GFD6.sizebook.local
  Description: 
カスタマー エクスペリエンス向上プログラムのユーザー ログオン通知

Event[35]:
  Log Name: System
  Source: Microsoft-Windows-Winlogon
  Date: 2020-03-23T16:33:32.254
  Event ID: 7001
  Task: N/A
  Level: 情報
  Opcode: 情報
  Keyword: N/A
  User: S-1-5-18
  User Name: NT AUTHORITY\SYSTEM
  Computer: DESKTOP-4B5GFD6.sizebook.local
  Description: 
カスタマー エクスペリエンス向上プログラムのユーザー ログオン通知

Event[36]:
  Log Name: System
  Source: Microsoft-Windows-Winlogon
  Date: 2020-03-25T18:04:39.482
  Event ID: 7001
  Task: N/A
  Level: 情報
  Opcode: 情報
  Keyword: N/A
  User: S-1-5-18
  User Name: NT AUTHORITY\SYSTEM
  Computer: DESKTOP-4B5GFD6.sizebook.local
  Description: 
カスタマー エクスペリエンス向上プログラムのユーザー ログオン通知

